<?xml version="1.0" encoding="UTF-8"?>
<coverage generated="1610201680907" clover="3.2.0">
  <project timestamp="1610201680907" name="All files">
    <metrics statements="32" coveredstatements="32" conditionals="6" coveredconditionals="6" methods="7" coveredmethods="7" elements="45" coveredelements="45" complexity="0" loc="32" ncloc="32" packages="3" files="4" classes="4"/>
    <package name="mocks">
      <metrics statements="2" coveredstatements="2" conditionals="0" coveredconditionals="0" methods="0" coveredmethods="0"/>
      <file name="issues.ts" path="/Users/iuliuvisovan/Desktop/github-issue-tracker/mocks/issues.ts">
        <metrics statements="2" coveredstatements="2" conditionals="0" coveredconditionals="0" methods="0" coveredmethods="0"/>
        <line num="43" count="3" type="stmt"/>
        <line num="48" count="3" type="stmt"/>
      </file>
    </package>
    <package name="redux.actions.bookmarks">
      <metrics statements="30" coveredstatements="30" conditionals="6" coveredconditionals="6" methods="7" coveredmethods="7"/>
      <file name="index.ts" path="/Users/iuliuvisovan/Desktop/github-issue-tracker/redux/actions/bookmarks/index.ts">
        <metrics statements="30" coveredstatements="30" conditionals="6" coveredconditionals="6" methods="7" coveredmethods="7"/>
        <line num="6" count="6" type="stmt"/>
        <line num="7" count="6" type="stmt"/>
        <line num="9" count="6" type="stmt"/>
        <line num="10" count="6" type="stmt"/>
        <line num="12" count="5" type="stmt"/>
        <line num="13" count="5" type="cond" truecount="2" falsecount="0"/>
        <line num="14" count="1" type="stmt"/>
        <line num="17" count="5" type="stmt"/>
        <line num="19" count="1" type="stmt"/>
        <line num="23" count="4" type="stmt"/>
        <line num="24" count="3" type="stmt"/>
        <line num="26" count="3" type="stmt"/>
        <line num="27" count="3" type="stmt"/>
        <line num="29" count="3" type="stmt"/>
        <line num="31" count="2" type="stmt"/>
        <line num="32" count="2" type="cond" truecount="2" falsecount="0"/>
        <line num="33" count="1" type="stmt"/>
        <line num="36" count="2" type="stmt"/>
        <line num="38" count="2" type="stmt"/>
        <line num="40" count="1" type="stmt"/>
        <line num="44" count="4" type="stmt"/>
        <line num="45" count="3" type="stmt"/>
        <line num="47" count="3" type="stmt"/>
        <line num="48" count="3" type="stmt"/>
        <line num="50" count="3" type="stmt"/>
        <line num="52" count="2" type="cond" truecount="2" falsecount="0"/>
        <line num="53" count="1" type="stmt"/>
        <line num="54" count="2" type="stmt"/>
        <line num="56" count="1" type="stmt"/>
        <line num="59" count="1" type="stmt"/>
      </file>
    </package>
    <package name="types">
      <metrics statements="0" coveredstatements="0" conditionals="0" coveredconditionals="0" methods="0" coveredmethods="0"/>
      <file name="bookmarks.ts" path="/Users/iuliuvisovan/Desktop/github-issue-tracker/types/bookmarks.ts">
        <metrics statements="0" coveredstatements="0" conditionals="0" coveredconditionals="0" methods="0" coveredmethods="0"/>
      </file>
      <file name="issues.ts" path="/Users/iuliuvisovan/Desktop/github-issue-tracker/types/issues.ts">
        <metrics statements="0" coveredstatements="0" conditionals="0" coveredconditionals="0" methods="0" coveredmethods="0"/>
      </file>
    </package>
  </project>
</coverage>
