<?xml version="1.0" encoding="UTF-8"?>
<coverage generated="1610191592391" clover="3.2.0">
  <project timestamp="1610191592391" name="All files">
    <metrics statements="37" coveredstatements="33" conditionals="17" coveredconditionals="16" methods="16" coveredmethods="13" elements="70" coveredelements="62" complexity="0" loc="37" ncloc="37" packages="5" files="5" classes="5"/>
    <package name="components">
      <metrics statements="1" coveredstatements="1" conditionals="0" coveredconditionals="0" methods="0" coveredmethods="0"/>
      <file name="index.tsx" path="/Users/iuliuvisovan/Desktop/github-issue-tracker/components/index.tsx">
        <metrics statements="1" coveredstatements="1" conditionals="0" coveredconditionals="0" methods="0" coveredmethods="0"/>
        <line num="3" count="1" type="stmt"/>
      </file>
    </package>
    <package name="mocks">
      <metrics statements="2" coveredstatements="2" conditionals="0" coveredconditionals="0" methods="0" coveredmethods="0"/>
      <file name="issues.ts" path="/Users/iuliuvisovan/Desktop/github-issue-tracker/mocks/issues.ts">
        <metrics statements="2" coveredstatements="2" conditionals="0" coveredconditionals="0" methods="0" coveredmethods="0"/>
        <line num="43" count="1" type="stmt"/>
        <line num="48" count="1" type="stmt"/>
      </file>
    </package>
    <package name="navigation">
      <metrics statements="3" coveredstatements="3" conditionals="1" coveredconditionals="1" methods="1" coveredmethods="1"/>
      <file name="MockedNavigator.tsx" path="/Users/iuliuvisovan/Desktop/github-issue-tracker/navigation/MockedNavigator.tsx">
        <metrics statements="3" coveredstatements="3" conditionals="1" coveredconditionals="1" methods="1" coveredmethods="1"/>
        <line num="5" count="1" type="stmt"/>
        <line num="6" count="1" type="cond" truecount="1" falsecount="0"/>
        <line num="7" count="1" type="stmt"/>
      </file>
    </package>
    <package name="redux">
      <metrics statements="1" coveredstatements="1" conditionals="0" coveredconditionals="0" methods="0" coveredmethods="0"/>
      <file name="index.ts" path="/Users/iuliuvisovan/Desktop/github-issue-tracker/redux/index.ts">
        <metrics statements="1" coveredstatements="1" conditionals="0" coveredconditionals="0" methods="0" coveredmethods="0"/>
        <line num="7" count="1" type="stmt"/>
      </file>
    </package>
    <package name="screens.IssuesScreen">
      <metrics statements="30" coveredstatements="26" conditionals="16" coveredconditionals="15" methods="15" coveredmethods="12"/>
      <file name="index.tsx" path="/Users/iuliuvisovan/Desktop/github-issue-tracker/screens/IssuesScreen/index.tsx">
        <metrics statements="30" coveredstatements="26" conditionals="16" coveredconditionals="15" methods="15" coveredmethods="12"/>
        <line num="19" count="13" type="stmt"/>
        <line num="20" count="13" type="stmt"/>
        <line num="21" count="13" type="stmt"/>
        <line num="23" count="13" type="stmt"/>
        <line num="24" count="13" type="stmt"/>
        <line num="25" count="13" type="stmt"/>
        <line num="27" count="13" type="stmt"/>
        <line num="28" count="13" type="stmt"/>
        <line num="29" count="13" type="stmt"/>
        <line num="31" count="13" type="stmt"/>
        <line num="32" count="0" type="stmt"/>
        <line num="33" count="0" type="stmt"/>
        <line num="44" count="13" type="stmt"/>
        <line num="45" count="1" type="stmt"/>
        <line num="46" count="1" type="stmt"/>
        <line num="49" count="13" type="stmt"/>
        <line num="50" count="4" type="stmt"/>
        <line num="51" count="4" type="stmt"/>
        <line num="52" count="4" type="stmt"/>
        <line num="55" count="13" type="stmt"/>
        <line num="66" count="1" type="stmt"/>
        <line num="79" count="2" type="stmt"/>
        <line num="88" count="26" type="stmt"/>
        <line num="89" count="1" type="stmt"/>
        <line num="104" count="13" type="stmt"/>
        <line num="119" count="0" type="stmt"/>
        <line num="120" count="24" type="stmt"/>
        <line num="123" count="18" type="stmt"/>
        <line num="136" count="0" type="stmt"/>
        <line num="144" count="1" type="stmt"/>
      </file>
    </package>
  </project>
</coverage>
