{"/Users/iuliuvisovan/Desktop/github-issue-tracker/api/methods.ts": {"path":"/Users/iuliuvisovan/Desktop/github-issue-tracker/api/methods.ts","statementMap":{"0":{"start":{"line":1,"column":16},"end":{"line":1,"column":40}},"1":{"start":{"line":5,"column":20},"end":{"line":5,"column":37}},"2":{"start":{"line":7,"column":18},"end":{"line":7,"column":42}},"3":{"start":{"line":9,"column":4},"end":{"line":11,"column":5}},"4":{"start":{"line":10,"column":6},"end":{"line":10,"column":25}},"5":{"start":{"line":13,"column":21},"end":{"line":13,"column":50}},"6":{"start":{"line":15,"column":17},"end":{"line":15,"column":38}},"7":{"start":{"line":17,"column":4},"end":{"line":19,"column":5}},"8":{"start":{"line":18,"column":6},"end":{"line":18,"column":54}},"9":{"start":{"line":21,"column":4},"end":{"line":21,"column":16}}},"fnMap":{"0":{"name":"(anonymous_0)","decl":{"start":{"line":4,"column":7},"end":{"line":4,"column":8}},"loc":{"start":{"line":4,"column":41},"end":{"line":22,"column":3}},"line":4}},"branchMap":{"0":{"loc":{"start":{"line":9,"column":4},"end":{"line":11,"column":5}},"type":"if","locations":[{"start":{"line":9,"column":4},"end":{"line":11,"column":5}},{"start":{"line":9,"column":4},"end":{"line":11,"column":5}}],"line":9},"1":{"loc":{"start":{"line":17,"column":4},"end":{"line":19,"column":5}},"type":"if","locations":[{"start":{"line":17,"column":4},"end":{"line":19,"column":5}},{"start":{"line":17,"column":4},"end":{"line":19,"column":5}}],"line":17},"2":{"loc":{"start":{"line":18,"column":18},"end":{"line":18,"column":52}},"type":"binary-expr","locations":[{"start":{"line":18,"column":18},"end":{"line":18,"column":30}},{"start":{"line":18,"column":34},"end":{"line":18,"column":52}}],"line":18}},"s":{"0":4,"1":8,"2":8,"3":8,"4":2,"5":7,"6":7,"7":7,"8":1,"9":6},"f":{"0":8},"b":{"0":[2,5],"1":[1,6],"2":[1,1]},"_coverageSchema":"1a1c01bbd47fc00a2c39e90264f33305004495a9","hash":"0f9a9ef30c5a115d26640323e8ef33ec68a8e89c"}
,"/Users/iuliuvisovan/Desktop/github-issue-tracker/components/index.tsx": {"path":"/Users/iuliuvisovan/Desktop/github-issue-tracker/components/index.tsx","statementMap":{"0":{"start":{"line":3,"column":34},"end":{"line":3,"column":58}}},"fnMap":{},"branchMap":{},"s":{"0":3},"f":{},"b":{},"_coverageSchema":"1a1c01bbd47fc00a2c39e90264f33305004495a9","hash":"9fafba86a9815d76779fa1a8080d7abd572d616b"}
,"/Users/iuliuvisovan/Desktop/github-issue-tracker/components/button/index.tsx": {"path":"/Users/iuliuvisovan/Desktop/github-issue-tracker/components/button/index.tsx","statementMap":{"0":{"start":{"line":15,"column":75},"end":{"line":15,"column":80}},"1":{"start":{"line":17,"column":22},"end":{"line":22,"column":3}},"2":{"start":{"line":24,"column":26},"end":{"line":24,"column":137}},"3":{"start":{"line":26,"column":2},"end":{"line":32,"column":4}}},"fnMap":{"0":{"name":"styledButton","decl":{"start":{"line":14,"column":24},"end":{"line":14,"column":36}},"loc":{"start":{"line":14,"column":81},"end":{"line":33,"column":1}},"line":14}},"branchMap":{"0":{"loc":{"start":{"line":15,"column":17},"end":{"line":15,"column":33}},"type":"default-arg","locations":[{"start":{"line":15,"column":24},"end":{"line":15,"column":33}}],"line":15},"1":{"loc":{"start":{"line":20,"column":4},"end":{"line":20,"column":49}},"type":"cond-expr","locations":[{"start":{"line":20,"column":15},"end":{"line":20,"column":44}},{"start":{"line":20,"column":47},"end":{"line":20,"column":49}}],"line":20},"2":{"loc":{"start":{"line":24,"column":97},"end":{"line":24,"column":136}},"type":"cond-expr","locations":[{"start":{"line":24,"column":108},"end":{"line":24,"column":131}},{"start":{"line":24,"column":134},"end":{"line":24,"column":136}}],"line":24},"3":{"loc":{"start":{"line":29,"column":7},"end":{"line":29,"column":81}},"type":"binary-expr","locations":[{"start":{"line":29,"column":7},"end":{"line":29,"column":20}},{"start":{"line":29,"column":24},"end":{"line":29,"column":81}}],"line":29}},"s":{"0":57,"1":57,"2":57,"3":57},"f":{"0":57},"b":{"0":[3],"1":[26,31],"2":[26,31],"3":[57,57]},"_coverageSchema":"1a1c01bbd47fc00a2c39e90264f33305004495a9","hash":"db4e6654928254804fb55968788dc76880e49de9"}
,"/Users/iuliuvisovan/Desktop/github-issue-tracker/mocks/comments.ts": {"path":"/Users/iuliuvisovan/Desktop/github-issue-tracker/mocks/comments.ts","statementMap":{},"fnMap":{},"branchMap":{},"s":{},"f":{},"b":{},"_coverageSchema":"1a1c01bbd47fc00a2c39e90264f33305004495a9","hash":"88b9e30c6d6741d9c752825798abe66e18e558fb"}
,"/Users/iuliuvisovan/Desktop/github-issue-tracker/mocks/issues.ts": {"path":"/Users/iuliuvisovan/Desktop/github-issue-tracker/mocks/issues.ts","statementMap":{"0":{"start":{"line":43,"column":27},"end":{"line":46,"column":1}},"1":{"start":{"line":48,"column":32},"end":{"line":64,"column":1}}},"fnMap":{},"branchMap":{},"s":{"0":6,"1":6},"f":{},"b":{},"_coverageSchema":"1a1c01bbd47fc00a2c39e90264f33305004495a9","hash":"75a2449ea0728228cad2f3c117a0b9c26520b567"}
,"/Users/iuliuvisovan/Desktop/github-issue-tracker/navigation/MockedNavigator.tsx": {"path":"/Users/iuliuvisovan/Desktop/github-issue-tracker/navigation/MockedNavigator.tsx","statementMap":{"0":{"start":{"line":5,"column":14},"end":{"line":5,"column":36}},"1":{"start":{"line":6,"column":24},"end":{"line":14,"column":1}},"2":{"start":{"line":7,"column":2},"end":{"line":13,"column":4}}},"fnMap":{"0":{"name":"(anonymous_0)","decl":{"start":{"line":6,"column":24},"end":{"line":6,"column":25}},"loc":{"start":{"line":6,"column":112},"end":{"line":14,"column":1}},"line":6}},"branchMap":{"0":{"loc":{"start":{"line":6,"column":38},"end":{"line":6,"column":49}},"type":"default-arg","locations":[{"start":{"line":6,"column":47},"end":{"line":6,"column":49}}],"line":6}},"s":{"0":3,"1":3,"2":5},"f":{"0":5},"b":{"0":[4]},"_coverageSchema":"1a1c01bbd47fc00a2c39e90264f33305004495a9","hash":"7f744f981d574b69f032c738210363759ef8d510"}
,"/Users/iuliuvisovan/Desktop/github-issue-tracker/redux/index.ts": {"path":"/Users/iuliuvisovan/Desktop/github-issue-tracker/redux/index.ts","statementMap":{"0":{"start":{"line":7,"column":20},"end":{"line":7,"column":89}}},"fnMap":{},"branchMap":{},"s":{"0":4},"f":{},"b":{},"_coverageSchema":"1a1c01bbd47fc00a2c39e90264f33305004495a9","hash":"a5eed939ba51a221c7ebf41ab3f855515ee874d2"}
,"/Users/iuliuvisovan/Desktop/github-issue-tracker/redux/actions/comments/index.ts": {"path":"/Users/iuliuvisovan/Desktop/github-issue-tracker/redux/actions/comments/index.ts","statementMap":{"0":{"start":{"line":5,"column":27},"end":{"line":15,"column":1}},"1":{"start":{"line":5,"column":52},"end":{"line":15,"column":1}},"2":{"start":{"line":6,"column":2},"end":{"line":6,"column":61}},"3":{"start":{"line":8,"column":2},"end":{"line":14,"column":3}},"4":{"start":{"line":9,"column":21},"end":{"line":9,"column":43}},"5":{"start":{"line":11,"column":4},"end":{"line":11,"column":82}},"6":{"start":{"line":13,"column":4},"end":{"line":13,"column":77}}},"fnMap":{"0":{"name":"(anonymous_0)","decl":{"start":{"line":5,"column":27},"end":{"line":5,"column":28}},"loc":{"start":{"line":5,"column":52},"end":{"line":15,"column":1}},"line":5},"1":{"name":"(anonymous_1)","decl":{"start":{"line":5,"column":52},"end":{"line":5,"column":53}},"loc":{"start":{"line":5,"column":97},"end":{"line":15,"column":1}},"line":5}},"branchMap":{},"s":{"0":2,"1":3,"2":3,"3":3,"4":3,"5":1,"6":2},"f":{"0":3,"1":3},"b":{},"_coverageSchema":"1a1c01bbd47fc00a2c39e90264f33305004495a9","hash":"cfebd05771e2750eb1d248d51bc380088774cbe0"}
,"/Users/iuliuvisovan/Desktop/github-issue-tracker/redux/reducers/issues/index.ts": {"path":"/Users/iuliuvisovan/Desktop/github-issue-tracker/redux/reducers/issues/index.ts","statementMap":{"0":{"start":{"line":3,"column":23},"end":{"line":6,"column":1}},"1":{"start":{"line":8,"column":28},"end":{"line":24,"column":1}},"2":{"start":{"line":26,"column":33},"end":{"line":34,"column":1}},"3":{"start":{"line":37,"column":2},"end":{"line":114,"column":3}},"4":{"start":{"line":40,"column":6},"end":{"line":40,"column":41}},"5":{"start":{"line":44,"column":6},"end":{"line":49,"column":8}},"6":{"start":{"line":52,"column":6},"end":{"line":55,"column":8}},"7":{"start":{"line":58,"column":6},"end":{"line":61,"column":8}},"8":{"start":{"line":64,"column":6},"end":{"line":67,"column":8}},"9":{"start":{"line":70,"column":25},"end":{"line":70,"column":43}},"10":{"start":{"line":72,"column":27},"end":{"line":72,"column":74}},"11":{"start":{"line":72,"column":50},"end":{"line":72,"column":73}},"12":{"start":{"line":74,"column":6},"end":{"line":78,"column":7}},"13":{"start":{"line":75,"column":8},"end":{"line":75,"column":55}},"14":{"start":{"line":77,"column":8},"end":{"line":77,"column":42}},"15":{"start":{"line":80,"column":6},"end":{"line":84,"column":8}},"16":{"start":{"line":87,"column":30},"end":{"line":87,"column":93}},"17":{"start":{"line":87,"column":66},"end":{"line":87,"column":91}},"18":{"start":{"line":89,"column":30},"end":{"line":89,"column":82}},"19":{"start":{"line":89,"column":58},"end":{"line":89,"column":81}},"20":{"start":{"line":90,"column":6},"end":{"line":94,"column":7}},"21":{"start":{"line":91,"column":8},"end":{"line":91,"column":40}},"22":{"start":{"line":93,"column":8},"end":{"line":93,"column":45}},"23":{"start":{"line":96,"column":6},"end":{"line":100,"column":8}},"24":{"start":{"line":104,"column":6},"end":{"line":110,"column":8}},"25":{"start":{"line":113,"column":6},"end":{"line":113,"column":19}}},"fnMap":{"0":{"name":"(anonymous_0)","decl":{"start":{"line":36,"column":15},"end":{"line":36,"column":16}},"loc":{"start":{"line":36,"column":86},"end":{"line":115,"column":1}},"line":36},"1":{"name":"(anonymous_1)","decl":{"start":{"line":72,"column":43},"end":{"line":72,"column":44}},"loc":{"start":{"line":72,"column":50},"end":{"line":72,"column":73}},"line":72},"2":{"name":"(anonymous_2)","decl":{"start":{"line":87,"column":58},"end":{"line":87,"column":59}},"loc":{"start":{"line":87,"column":66},"end":{"line":87,"column":91}},"line":87},"3":{"name":"(anonymous_3)","decl":{"start":{"line":89,"column":51},"end":{"line":89,"column":52}},"loc":{"start":{"line":89,"column":58},"end":{"line":89,"column":81}},"line":89}},"branchMap":{"0":{"loc":{"start":{"line":36,"column":16},"end":{"line":36,"column":48}},"type":"default-arg","locations":[{"start":{"line":36,"column":36},"end":{"line":36,"column":48}}],"line":36},"1":{"loc":{"start":{"line":37,"column":2},"end":{"line":114,"column":3}},"type":"switch","locations":[{"start":{"line":39,"column":4},"end":{"line":40,"column":41}},{"start":{"line":43,"column":4},"end":{"line":49,"column":8}},{"start":{"line":51,"column":4},"end":{"line":55,"column":8}},{"start":{"line":57,"column":4},"end":{"line":61,"column":8}},{"start":{"line":63,"column":4},"end":{"line":67,"column":8}},{"start":{"line":69,"column":4},"end":{"line":84,"column":8}},{"start":{"line":86,"column":4},"end":{"line":100,"column":8}},{"start":{"line":103,"column":4},"end":{"line":110,"column":8}},{"start":{"line":112,"column":4},"end":{"line":113,"column":19}}],"line":37},"2":{"loc":{"start":{"line":74,"column":6},"end":{"line":78,"column":7}},"type":"if","locations":[{"start":{"line":74,"column":6},"end":{"line":78,"column":7}},{"start":{"line":74,"column":6},"end":{"line":78,"column":7}}],"line":74},"3":{"loc":{"start":{"line":90,"column":6},"end":{"line":94,"column":7}},"type":"if","locations":[{"start":{"line":90,"column":6},"end":{"line":94,"column":7}},{"start":{"line":90,"column":6},"end":{"line":94,"column":7}}],"line":90}},"s":{"0":5,"1":5,"2":5,"3":41,"4":5,"5":5,"6":1,"7":1,"8":1,"9":3,"10":3,"11":4,"12":3,"13":2,"14":1,"15":2,"16":2,"17":6,"18":2,"19":4,"20":2,"21":1,"22":1,"23":1,"24":1,"25":22},"f":{"0":41,"1":4,"2":6,"3":4},"b":{"0":[12],"1":[5,5,1,1,1,3,2,1,22],"2":[2,1],"3":[1,1]},"_coverageSchema":"1a1c01bbd47fc00a2c39e90264f33305004495a9","hash":"a69b2580ab3a22a5d4f2ac63b7e27c1c58edd311"}
,"/Users/iuliuvisovan/Desktop/github-issue-tracker/screens/IssueDetailsScreen/Comment/index.tsx": {"path":"/Users/iuliuvisovan/Desktop/github-issue-tracker/screens/IssueDetailsScreen/Comment/index.tsx","statementMap":{"0":{"start":{"line":9,"column":22},"end":{"line":9,"column":27}},"1":{"start":{"line":11,"column":2},"end":{"line":20,"column":4}}},"fnMap":{"0":{"name":"Comment","decl":{"start":{"line":8,"column":24},"end":{"line":8,"column":31}},"loc":{"start":{"line":8,"column":53},"end":{"line":21,"column":1}},"line":8}},"branchMap":{},"s":{"0":0,"1":0},"f":{"0":0},"b":{},"_coverageSchema":"1a1c01bbd47fc00a2c39e90264f33305004495a9","hash":"b35ebc5955ebd661818498aba7972ae4cf2b7796"}
,"/Users/iuliuvisovan/Desktop/github-issue-tracker/screens/IssuesScreen/index.tsx": {"path":"/Users/iuliuvisovan/Desktop/github-issue-tracker/screens/IssuesScreen/index.tsx","statementMap":{"0":{"start":{"line":17,"column":24},"end":{"line":17,"column":35}},"1":{"start":{"line":18,"column":88},"end":{"line":18,"column":106}},"2":{"start":{"line":19,"column":95},"end":{"line":19,"column":116}},"3":{"start":{"line":21,"column":27},"end":{"line":21,"column":41}},"4":{"start":{"line":22,"column":51},"end":{"line":22,"column":72}},"5":{"start":{"line":23,"column":27},"end":{"line":23,"column":51}},"6":{"start":{"line":25,"column":29},"end":{"line":25,"column":45}},"7":{"start":{"line":26,"column":76},"end":{"line":26,"column":99}},"8":{"start":{"line":27,"column":64},"end":{"line":27,"column":90}},"9":{"start":{"line":29,"column":30},"end":{"line":32,"column":3}},"10":{"start":{"line":30,"column":28},"end":{"line":30,"column":65}},"11":{"start":{"line":31,"column":4},"end":{"line":31,"column":38}},"12":{"start":{"line":34,"column":2},"end":{"line":37,"column":9}},"13":{"start":{"line":35,"column":4},"end":{"line":35,"column":16}},"14":{"start":{"line":36,"column":4},"end":{"line":36,"column":19}},"15":{"start":{"line":39,"column":2},"end":{"line":43,"column":15}},"16":{"start":{"line":40,"column":4},"end":{"line":40,"column":36}},"17":{"start":{"line":41,"column":4},"end":{"line":41,"column":27}},"18":{"start":{"line":42,"column":4},"end":{"line":42,"column":25}},"19":{"start":{"line":45,"column":2},"end":{"line":137,"column":4}},"20":{"start":{"line":56,"column":68},"end":{"line":56,"column":90}},"21":{"start":{"line":69,"column":73},"end":{"line":69,"column":94}},"22":{"start":{"line":78,"column":12},"end":{"line":87,"column":31}},"23":{"start":{"line":79,"column":29},"end":{"line":79,"column":45}},"24":{"start":{"line":94,"column":82},"end":{"line":94,"column":92}},"25":{"start":{"line":109,"column":31},"end":{"line":109,"column":85}},"26":{"start":{"line":110,"column":34},"end":{"line":110,"column":46}},"27":{"start":{"line":113,"column":12},"end":{"line":113,"column":126}},"28":{"start":{"line":113,"column":73},"end":{"line":113,"column":89}},"29":{"start":{"line":125,"column":25},"end":{"line":125,"column":49}},"30":{"start":{"line":132,"column":25},"end":{"line":132,"column":49}}},"fnMap":{"0":{"name":"IssuesScreen","decl":{"start":{"line":16,"column":24},"end":{"line":16,"column":36}},"loc":{"start":{"line":16,"column":63},"end":{"line":138,"column":1}},"line":16},"1":{"name":"(anonymous_1)","decl":{"start":{"line":29,"column":30},"end":{"line":29,"column":31}},"loc":{"start":{"line":29,"column":42},"end":{"line":32,"column":3}},"line":29},"2":{"name":"(anonymous_2)","decl":{"start":{"line":34,"column":12},"end":{"line":34,"column":13}},"loc":{"start":{"line":34,"column":18},"end":{"line":37,"column":3}},"line":34},"3":{"name":"(anonymous_3)","decl":{"start":{"line":39,"column":12},"end":{"line":39,"column":13}},"loc":{"start":{"line":39,"column":18},"end":{"line":43,"column":3}},"line":39},"4":{"name":"(anonymous_4)","decl":{"start":{"line":56,"column":62},"end":{"line":56,"column":63}},"loc":{"start":{"line":56,"column":68},"end":{"line":56,"column":90}},"line":56},"5":{"name":"(anonymous_5)","decl":{"start":{"line":69,"column":67},"end":{"line":69,"column":68}},"loc":{"start":{"line":69,"column":73},"end":{"line":69,"column":94}},"line":69},"6":{"name":"(anonymous_6)","decl":{"start":{"line":77,"column":23},"end":{"line":77,"column":24}},"loc":{"start":{"line":78,"column":12},"end":{"line":87,"column":31}},"line":78},"7":{"name":"(anonymous_7)","decl":{"start":{"line":79,"column":23},"end":{"line":79,"column":24}},"loc":{"start":{"line":79,"column":29},"end":{"line":79,"column":45}},"line":79},"8":{"name":"(anonymous_8)","decl":{"start":{"line":94,"column":75},"end":{"line":94,"column":76}},"loc":{"start":{"line":94,"column":82},"end":{"line":94,"column":92}},"line":94},"9":{"name":"(anonymous_9)","decl":{"start":{"line":109,"column":20},"end":{"line":109,"column":21}},"loc":{"start":{"line":109,"column":31},"end":{"line":109,"column":85}},"line":109},"10":{"name":"(anonymous_10)","decl":{"start":{"line":110,"column":24},"end":{"line":110,"column":25}},"loc":{"start":{"line":110,"column":34},"end":{"line":110,"column":46}},"line":110},"11":{"name":"(anonymous_11)","decl":{"start":{"line":112,"column":22},"end":{"line":112,"column":23}},"loc":{"start":{"line":113,"column":12},"end":{"line":113,"column":126}},"line":113},"12":{"name":"(anonymous_12)","decl":{"start":{"line":113,"column":66},"end":{"line":113,"column":67}},"loc":{"start":{"line":113,"column":73},"end":{"line":113,"column":89}},"line":113},"13":{"name":"(anonymous_13)","decl":{"start":{"line":125,"column":19},"end":{"line":125,"column":20}},"loc":{"start":{"line":125,"column":25},"end":{"line":125,"column":49}},"line":125},"14":{"name":"(anonymous_14)","decl":{"start":{"line":132,"column":19},"end":{"line":132,"column":20}},"loc":{"start":{"line":132,"column":25},"end":{"line":132,"column":49}},"line":132}},"branchMap":{"0":{"loc":{"start":{"line":47,"column":36},"end":{"line":47,"column":69}},"type":"cond-expr","locations":[{"start":{"line":47,"column":49},"end":{"line":47,"column":64}},{"start":{"line":47,"column":67},"end":{"line":47,"column":69}}],"line":47},"1":{"loc":{"start":{"line":48,"column":9},"end":{"line":73,"column":9}},"type":"cond-expr","locations":[{"start":{"line":49,"column":10},"end":{"line":64,"column":17}},{"start":{"line":66,"column":10},"end":{"line":72,"column":17}}],"line":48},"2":{"loc":{"start":{"line":83,"column":37},"end":{"line":83,"column":72}},"type":"cond-expr","locations":[{"start":{"line":83,"column":48},"end":{"line":83,"column":67}},{"start":{"line":83,"column":70},"end":{"line":83,"column":72}}],"line":83},"3":{"loc":{"start":{"line":85,"column":15},"end":{"line":85,"column":123}},"type":"binary-expr","locations":[{"start":{"line":85,"column":15},"end":{"line":85,"column":23}},{"start":{"line":85,"column":27},"end":{"line":85,"column":123}}],"line":85},"4":{"loc":{"start":{"line":99,"column":7},"end":{"line":99,"column":84}},"type":"binary-expr","locations":[{"start":{"line":99,"column":7},"end":{"line":99,"column":12}},{"start":{"line":99,"column":16},"end":{"line":99,"column":84}}],"line":99},"5":{"loc":{"start":{"line":101,"column":7},"end":{"line":116,"column":7}},"type":"cond-expr","locations":[{"start":{"line":102,"column":8},"end":{"line":104,"column":15}},{"start":{"line":106,"column":8},"end":{"line":115,"column":10}}],"line":101},"6":{"loc":{"start":{"line":101,"column":7},"end":{"line":101,"column":40}},"type":"binary-expr","locations":[{"start":{"line":101,"column":7},"end":{"line":101,"column":20}},{"start":{"line":101,"column":24},"end":{"line":101,"column":40}}],"line":101},"7":{"loc":{"start":{"line":124,"column":66},"end":{"line":124,"column":109}},"type":"cond-expr","locations":[{"start":{"line":124,"column":84},"end":{"line":124,"column":96}},{"start":{"line":124,"column":99},"end":{"line":124,"column":109}}],"line":124}},"s":{"0":34,"1":34,"2":34,"3":34,"4":34,"5":34,"6":34,"7":34,"8":34,"9":34,"10":0,"11":0,"12":34,"13":3,"14":3,"15":34,"16":11,"17":11,"18":11,"19":34,"20":0,"21":1,"22":68,"23":1,"24":34,"25":0,"26":22,"27":22,"28":33,"29":0,"30":0},"f":{"0":34,"1":0,"2":3,"3":11,"4":0,"5":1,"6":68,"7":1,"8":34,"9":0,"10":22,"11":22,"12":33,"13":0,"14":0},"b":{"0":[0,34],"1":[1,33],"2":[48,20],"3":[68,48],"4":[34,0],"5":[14,20],"6":[34,20],"7":[34,0]},"_coverageSchema":"1a1c01bbd47fc00a2c39e90264f33305004495a9","hash":"694bbe92d2059c04669f2f726c16d8504e3ce6a1"}
,"/Users/iuliuvisovan/Desktop/github-issue-tracker/screens/IssuesScreen/Issue/styles.tsx": {"path":"/Users/iuliuvisovan/Desktop/github-issue-tracker/screens/IssuesScreen/Issue/styles.tsx","statementMap":{},"fnMap":{},"branchMap":{},"s":{},"f":{},"b":{},"_coverageSchema":"1a1c01bbd47fc00a2c39e90264f33305004495a9","hash":"f8e941c97a50a77b51e3ade3e730958d2edc278a"}
,"/Users/iuliuvisovan/Desktop/github-issue-tracker/screens/IssuesScreen/Issue/Header/index.tsx": {"path":"/Users/iuliuvisovan/Desktop/github-issue-tracker/screens/IssuesScreen/Issue/Header/index.tsx","statementMap":{"0":{"start":{"line":10,"column":20},"end":{"line":10,"column":25}},"1":{"start":{"line":12,"column":2},"end":{"line":34,"column":4}}},"fnMap":{"0":{"name":"Header","decl":{"start":{"line":9,"column":24},"end":{"line":9,"column":30}},"loc":{"start":{"line":9,"column":56},"end":{"line":35,"column":1}},"line":9}},"branchMap":{"0":{"loc":{"start":{"line":21,"column":9},"end":{"line":28,"column":9}},"type":"binary-expr","locations":[{"start":{"line":21,"column":9},"end":{"line":21,"column":27}},{"start":{"line":22,"column":10},"end":{"line":27,"column":13}}],"line":21},"1":{"loc":{"start":{"line":30,"column":53},"end":{"line":30,"column":103}},"type":"cond-expr","locations":[{"start":{"line":30,"column":77},"end":{"line":30,"column":88}},{"start":{"line":30,"column":91},"end":{"line":30,"column":103}}],"line":30}},"s":{"0":27,"1":27},"f":{"0":27},"b":{"0":[27,24],"1":[27,0]},"_coverageSchema":"1a1c01bbd47fc00a2c39e90264f33305004495a9","hash":"e9e09f4485780ac1d80bb7af88faa7ba0cd7936e"}
,"/Users/iuliuvisovan/Desktop/github-issue-tracker/types/comments.ts": {"path":"/Users/iuliuvisovan/Desktop/github-issue-tracker/types/comments.ts","statementMap":{},"fnMap":{},"branchMap":{},"s":{},"f":{},"b":{},"_coverageSchema":"1a1c01bbd47fc00a2c39e90264f33305004495a9","hash":"3700cea11afb5141b74489beefb02fe507acf6a2"}
}
