{"/Users/iuliuvisovan/Desktop/github-issue-tracker/mocks/issues.ts": {"path":"/Users/iuliuvisovan/Desktop/github-issue-tracker/mocks/issues.ts","statementMap":{"0":{"start":{"line":43,"column":27},"end":{"line":46,"column":1}},"1":{"start":{"line":48,"column":32},"end":{"line":64,"column":1}}},"fnMap":{},"branchMap":{},"s":{"0":3,"1":3},"f":{},"b":{},"_coverageSchema":"1a1c01bbd47fc00a2c39e90264f33305004495a9","hash":"75a2449ea0728228cad2f3c117a0b9c26520b567"}
,"/Users/iuliuvisovan/Desktop/github-issue-tracker/redux/actions/bookmarks/index.ts": {"path":"/Users/iuliuvisovan/Desktop/github-issue-tracker/redux/actions/bookmarks/index.ts","statementMap":{"0":{"start":{"line":6,"column":28},"end":{"line":21,"column":1}},"1":{"start":{"line":6,"column":34},"end":{"line":21,"column":1}},"2":{"start":{"line":7,"column":2},"end":{"line":7,"column":63}},"3":{"start":{"line":9,"column":2},"end":{"line":20,"column":3}},"4":{"start":{"line":10,"column":26},"end":{"line":10,"column":65}},"5":{"start":{"line":12,"column":20},"end":{"line":12,"column":22}},"6":{"start":{"line":13,"column":4},"end":{"line":15,"column":5}},"7":{"start":{"line":14,"column":6},"end":{"line":14,"column":44}},"8":{"start":{"line":17,"column":4},"end":{"line":17,"column":85}},"9":{"start":{"line":19,"column":4},"end":{"line":19,"column":79}},"10":{"start":{"line":23,"column":27},"end":{"line":42,"column":1}},"11":{"start":{"line":23,"column":45},"end":{"line":42,"column":1}},"12":{"start":{"line":24,"column":2},"end":{"line":24,"column":62}},"13":{"start":{"line":26,"column":2},"end":{"line":41,"column":3}},"14":{"start":{"line":27,"column":4},"end":{"line":27,"column":80}},"15":{"start":{"line":29,"column":26},"end":{"line":29,"column":65}},"16":{"start":{"line":31,"column":29},"end":{"line":31,"column":31}},"17":{"start":{"line":32,"column":4},"end":{"line":34,"column":5}},"18":{"start":{"line":33,"column":6},"end":{"line":33,"column":55}},"19":{"start":{"line":36,"column":4},"end":{"line":36,"column":26}},"20":{"start":{"line":38,"column":4},"end":{"line":38,"column":71}},"21":{"start":{"line":40,"column":4},"end":{"line":40,"column":78}},"22":{"start":{"line":44,"column":30},"end":{"line":61,"column":1}},"23":{"start":{"line":44,"column":51},"end":{"line":61,"column":1}},"24":{"start":{"line":45,"column":2},"end":{"line":45,"column":65}},"25":{"start":{"line":47,"column":2},"end":{"line":60,"column":3}},"26":{"start":{"line":48,"column":4},"end":{"line":48,"column":85}},"27":{"start":{"line":50,"column":26},"end":{"line":50,"column":65}},"28":{"start":{"line":52,"column":4},"end":{"line":57,"column":5}},"29":{"start":{"line":53,"column":22},"end":{"line":53,"column":58}},"30":{"start":{"line":54,"column":6},"end":{"line":54,"column":60}},"31":{"start":{"line":54,"column":42},"end":{"line":54,"column":58}},"32":{"start":{"line":56,"column":6},"end":{"line":56,"column":73}},"33":{"start":{"line":59,"column":4},"end":{"line":59,"column":81}}},"fnMap":{"0":{"name":"(anonymous_0)","decl":{"start":{"line":6,"column":28},"end":{"line":6,"column":29}},"loc":{"start":{"line":6,"column":34},"end":{"line":21,"column":1}},"line":6},"1":{"name":"(anonymous_1)","decl":{"start":{"line":6,"column":34},"end":{"line":6,"column":35}},"loc":{"start":{"line":6,"column":80},"end":{"line":21,"column":1}},"line":6},"2":{"name":"(anonymous_2)","decl":{"start":{"line":23,"column":27},"end":{"line":23,"column":28}},"loc":{"start":{"line":23,"column":45},"end":{"line":42,"column":1}},"line":23},"3":{"name":"(anonymous_3)","decl":{"start":{"line":23,"column":45},"end":{"line":23,"column":46}},"loc":{"start":{"line":23,"column":91},"end":{"line":42,"column":1}},"line":23},"4":{"name":"(anonymous_4)","decl":{"start":{"line":44,"column":30},"end":{"line":44,"column":31}},"loc":{"start":{"line":44,"column":51},"end":{"line":61,"column":1}},"line":44},"5":{"name":"(anonymous_5)","decl":{"start":{"line":44,"column":51},"end":{"line":44,"column":52}},"loc":{"start":{"line":44,"column":97},"end":{"line":61,"column":1}},"line":44},"6":{"name":"(anonymous_6)","decl":{"start":{"line":54,"column":35},"end":{"line":54,"column":36}},"loc":{"start":{"line":54,"column":42},"end":{"line":54,"column":58}},"line":54}},"branchMap":{"0":{"loc":{"start":{"line":13,"column":4},"end":{"line":15,"column":5}},"type":"if","locations":[{"start":{"line":13,"column":4},"end":{"line":15,"column":5}},{"start":{"line":13,"column":4},"end":{"line":15,"column":5}}],"line":13},"1":{"loc":{"start":{"line":32,"column":4},"end":{"line":34,"column":5}},"type":"if","locations":[{"start":{"line":32,"column":4},"end":{"line":34,"column":5}},{"start":{"line":32,"column":4},"end":{"line":34,"column":5}}],"line":32},"2":{"loc":{"start":{"line":52,"column":4},"end":{"line":57,"column":5}},"type":"if","locations":[{"start":{"line":52,"column":4},"end":{"line":57,"column":5}},{"start":{"line":52,"column":4},"end":{"line":57,"column":5}}],"line":52}},"s":{"0":4,"1":6,"2":6,"3":6,"4":6,"5":5,"6":5,"7":1,"8":5,"9":1,"10":4,"11":3,"12":3,"13":3,"14":3,"15":3,"16":2,"17":2,"18":1,"19":2,"20":2,"21":1,"22":4,"23":3,"24":3,"25":3,"26":3,"27":3,"28":2,"29":1,"30":1,"31":2,"32":1,"33":1},"f":{"0":6,"1":6,"2":3,"3":3,"4":3,"5":3,"6":2},"b":{"0":[1,4],"1":[1,1],"2":[1,1]},"_coverageSchema":"1a1c01bbd47fc00a2c39e90264f33305004495a9","hash":"c5e01f76d58f9671d39002172150d39494dd4cd4"}
,"/Users/iuliuvisovan/Desktop/github-issue-tracker/types/bookmarks.ts": {"path":"/Users/iuliuvisovan/Desktop/github-issue-tracker/types/bookmarks.ts","statementMap":{},"fnMap":{},"branchMap":{},"s":{},"f":{},"b":{},"_coverageSchema":"1a1c01bbd47fc00a2c39e90264f33305004495a9","hash":"81a0a316381d9048a8f663d0f295865b89583424"}
,"/Users/iuliuvisovan/Desktop/github-issue-tracker/types/issues.ts": {"path":"/Users/iuliuvisovan/Desktop/github-issue-tracker/types/issues.ts","statementMap":{},"fnMap":{},"branchMap":{},"s":{},"f":{},"b":{},"_coverageSchema":"1a1c01bbd47fc00a2c39e90264f33305004495a9","hash":"4a00208cfa340e6efd3f2be5bea22af51bcaa8df"}
}
