TN:
SF:api/methods.ts
FN:4,(anonymous_0)
FNF:1
FNH:1
FNDA:8,(anonymous_0)
DA:1,4
DA:5,8
DA:7,8
DA:9,8
DA:10,2
DA:13,7
DA:15,7
DA:17,7
DA:18,1
DA:21,6
LF:10
LH:10
BRDA:9,0,0,2
BRDA:9,0,1,5
BRDA:17,1,0,1
BRDA:17,1,1,6
BRDA:18,2,0,1
BRDA:18,2,1,1
BRF:6
BRH:6
end_of_record
TN:
SF:components/index.tsx
FNF:0
FNH:0
DA:3,3
LF:1
LH:1
BRF:0
BRH:0
end_of_record
TN:
SF:components/button/index.tsx
FN:14,styledButton
FNF:1
FNH:1
FNDA:57,styledButton
DA:15,57
DA:17,57
DA:24,57
DA:26,57
LF:4
LH:4
BRDA:15,0,0,3
BRDA:20,1,0,26
BRDA:20,1,1,31
BRDA:24,2,0,26
BRDA:24,2,1,31
BRDA:29,3,0,57
BRDA:29,3,1,57
BRF:7
BRH:7
end_of_record
TN:
SF:mocks/comments.ts
FNF:0
FNH:0
LF:0
LH:0
BRF:0
BRH:0
end_of_record
TN:
SF:mocks/issues.ts
FNF:0
FNH:0
DA:43,6
DA:48,6
LF:2
LH:2
BRF:0
BRH:0
end_of_record
TN:
SF:navigation/MockedNavigator.tsx
FN:6,(anonymous_0)
FNF:1
FNH:1
FNDA:5,(anonymous_0)
DA:5,3
DA:6,3
DA:7,5
LF:3
LH:3
BRDA:6,0,0,4
BRF:1
BRH:1
end_of_record
TN:
SF:redux/index.ts
FNF:0
FNH:0
DA:7,4
LF:1
LH:1
BRF:0
BRH:0
end_of_record
TN:
SF:redux/actions/comments/index.ts
FN:5,(anonymous_0)
FN:5,(anonymous_1)
FNF:2
FNH:2
FNDA:3,(anonymous_0)
FNDA:3,(anonymous_1)
DA:5,3
DA:6,3
DA:8,3
DA:9,3
DA:11,1
DA:13,2
LF:6
LH:6
BRF:0
BRH:0
end_of_record
TN:
SF:redux/reducers/issues/index.ts
FN:36,(anonymous_0)
FN:72,(anonymous_1)
FN:87,(anonymous_2)
FN:89,(anonymous_3)
FNF:4
FNH:4
FNDA:41,(anonymous_0)
FNDA:4,(anonymous_1)
FNDA:6,(anonymous_2)
FNDA:4,(anonymous_3)
DA:3,5
DA:8,5
DA:26,5
DA:37,41
DA:40,5
DA:44,5
DA:52,1
DA:58,1
DA:64,1
DA:70,3
DA:72,4
DA:74,3
DA:75,2
DA:77,1
DA:80,2
DA:87,6
DA:89,4
DA:90,2
DA:91,1
DA:93,1
DA:96,1
DA:104,1
DA:113,22
LF:23
LH:23
BRDA:36,0,0,12
BRDA:37,1,0,5
BRDA:37,1,1,5
BRDA:37,1,2,1
BRDA:37,1,3,1
BRDA:37,1,4,1
BRDA:37,1,5,3
BRDA:37,1,6,2
BRDA:37,1,7,1
BRDA:37,1,8,22
BRDA:74,2,0,2
BRDA:74,2,1,1
BRDA:90,3,0,1
BRDA:90,3,1,1
BRF:14
BRH:14
end_of_record
TN:
SF:screens/IssueDetailsScreen/Comment/index.tsx
FN:8,Comment
FNF:1
FNH:0
FNDA:0,Comment
DA:9,0
DA:11,0
LF:2
LH:0
BRF:0
BRH:0
end_of_record
TN:
SF:screens/IssuesScreen/index.tsx
FN:16,IssuesScreen
FN:29,(anonymous_1)
FN:34,(anonymous_2)
FN:39,(anonymous_3)
FN:56,(anonymous_4)
FN:69,(anonymous_5)
FN:77,(anonymous_6)
FN:79,(anonymous_7)
FN:94,(anonymous_8)
FN:109,(anonymous_9)
FN:110,(anonymous_10)
FN:112,(anonymous_11)
FN:113,(anonymous_12)
FN:125,(anonymous_13)
FN:132,(anonymous_14)
FNF:15
FNH:10
FNDA:34,IssuesScreen
FNDA:0,(anonymous_1)
FNDA:3,(anonymous_2)
FNDA:11,(anonymous_3)
FNDA:0,(anonymous_4)
FNDA:1,(anonymous_5)
FNDA:68,(anonymous_6)
FNDA:1,(anonymous_7)
FNDA:34,(anonymous_8)
FNDA:0,(anonymous_9)
FNDA:22,(anonymous_10)
FNDA:22,(anonymous_11)
FNDA:33,(anonymous_12)
FNDA:0,(anonymous_13)
FNDA:0,(anonymous_14)
DA:17,34
DA:18,34
DA:19,34
DA:21,34
DA:22,34
DA:23,34
DA:25,34
DA:26,34
DA:27,34
DA:29,34
DA:30,0
DA:31,0
DA:34,34
DA:35,3
DA:36,3
DA:39,34
DA:40,11
DA:41,11
DA:42,11
DA:45,34
DA:56,0
DA:69,1
DA:78,68
DA:79,1
DA:94,34
DA:109,0
DA:110,22
DA:113,33
DA:125,0
DA:132,0
LF:30
LH:24
BRDA:47,0,0,0
BRDA:47,0,1,34
BRDA:48,1,0,1
BRDA:48,1,1,33
BRDA:83,2,0,48
BRDA:83,2,1,20
BRDA:85,3,0,68
BRDA:85,3,1,48
BRDA:99,4,0,34
BRDA:99,4,1,0
BRDA:101,5,0,14
BRDA:101,5,1,20
BRDA:101,6,0,34
BRDA:101,6,1,20
BRDA:124,7,0,34
BRDA:124,7,1,0
BRF:16
BRH:13
end_of_record
TN:
SF:screens/IssuesScreen/Issue/styles.tsx
FNF:0
FNH:0
LF:0
LH:0
BRF:0
BRH:0
end_of_record
TN:
SF:screens/IssuesScreen/Issue/Header/index.tsx
FN:9,Header
FNF:1
FNH:1
FNDA:27,Header
DA:10,27
DA:12,27
LF:2
LH:2
BRDA:21,0,0,27
BRDA:21,0,1,24
BRDA:30,1,0,27
BRDA:30,1,1,0
BRF:4
BRH:3
end_of_record
TN:
SF:types/comments.ts
FNF:0
FNH:0
LF:0
LH:0
BRF:0
BRH:0
end_of_record
