TN:
SF:api/comments.ts
FN:4,get
FNF:1
FNH:1
FNDA:2,get
DA:5,2
DA:7,1
LF:2
LH:2
BRF:0
BRH:0
end_of_record
TN:
SF:api/issues.ts
FN:4,get
FN:9,(anonymous_1)
FNF:2
FNH:2
FNDA:4,get
FNDA:8,(anonymous_1)
DA:5,4
DA:7,4
DA:9,8
LF:3
LH:3
BRF:0
BRH:0
end_of_record
TN:
SF:api/methods.ts
FN:4,(anonymous_0)
FNF:1
FNH:1
FNDA:6,(anonymous_0)
DA:1,4
DA:5,6
DA:7,6
DA:9,6
DA:10,0
DA:13,5
DA:15,5
DA:17,5
DA:19,5
LF:9
LH:8
BRDA:9,0,0,0
BRDA:9,0,1,5
BRDA:17,1,0,0
BRDA:17,1,1,5
BRF:4
BRH:2
end_of_record
TN:
SF:components/index.tsx
FNF:0
FNH:0
DA:3,3
LF:1
LH:1
BRF:0
BRH:0
end_of_record
TN:
SF:components/button/index.tsx
FN:14,styledButton
FNF:1
FNH:1
FNDA:33,styledButton
DA:15,33
DA:17,33
DA:24,33
DA:26,33
LF:4
LH:4
BRDA:15,0,0,3
BRDA:15,1,0,0
BRDA:20,2,0,15
BRDA:20,2,1,18
BRDA:24,3,0,15
BRDA:24,3,1,18
BRF:6
BRH:5
end_of_record
TN:
SF:components/button/styles.tsx
FNF:0
FNH:0
LF:0
LH:0
BRF:0
BRH:0
end_of_record
TN:
SF:components/color/index.tsx
FNF:0
FNH:0
LF:0
LH:0
BRF:0
BRH:0
end_of_record
TN:
SF:components/text/index.tsx
FN:4,styledText
FNF:1
FNH:1
FNDA:198,styledText
DA:5,198
DA:6,198
DA:8,198
LF:3
LH:3
BRDA:6,0,0,50
BRDA:6,0,1,148
BRF:2
BRH:2
end_of_record
TN:
SF:components/text-input/index.tsx
FN:8,styledTextInput
FN:26,(anonymous_1)
FN:27,(anonymous_2)
FNF:3
FNH:1
FNDA:1,styledTextInput
FNDA:0,(anonymous_1)
FNDA:0,(anonymous_2)
DA:9,1
DA:11,1
DA:13,1
DA:26,0
DA:27,0
LF:5
LH:3
BRDA:24,0,0,0
BRDA:24,0,1,1
BRF:2
BRH:1
end_of_record
TN:
SF:components/text-input/styles.tsx
FNF:0
FNH:0
LF:0
LH:0
BRF:0
BRH:0
end_of_record
TN:
SF:hooks/useBookmarks.ts
FN:6,useBookmarks
FN:7,(anonymous_1)
FN:11,(anonymous_2)
FNF:3
FNH:3
FNDA:23,useBookmarks
FNDA:49,(anonymous_1)
FNDA:3,(anonymous_2)
DA:7,49
DA:9,23
DA:11,23
DA:12,3
DA:15,23
LF:5
LH:5
BRF:0
BRH:0
end_of_record
TN:
SF:hooks/useIssues.ts
FN:6,useIssues
FN:7,(anonymous_1)
FN:11,getIssues
FN:15,(anonymous_3)
FN:21,(anonymous_4)
FN:27,(anonymous_5)
FN:33,(anonymous_6)
FN:34,(anonymous_7)
FNF:8
FNH:4
FNDA:20,useIssues
FNDA:42,(anonymous_1)
FNDA:3,getIssues
FNDA:1,(anonymous_3)
FNDA:0,(anonymous_4)
FNDA:0,(anonymous_5)
FNDA:0,(anonymous_6)
FNDA:0,(anonymous_7)
DA:7,42
DA:9,20
DA:12,3
DA:15,20
DA:16,1
DA:17,1
DA:18,1
DA:21,20
DA:22,0
DA:23,0
DA:24,0
DA:27,20
DA:28,0
DA:29,0
DA:30,0
DA:33,20
DA:34,20
DA:36,20
LF:18
LH:12
BRF:0
BRH:0
end_of_record
TN:
SF:mocks/comments.ts
FNF:0
FNH:0
LF:0
LH:0
BRF:0
BRH:0
end_of_record
TN:
SF:mocks/issues.ts
FNF:0
FNH:0
DA:43,10
DA:48,10
LF:2
LH:2
BRF:0
BRH:0
end_of_record
TN:
SF:mocks/users.ts
FNF:0
FNH:0
LF:0
LH:0
BRF:0
BRH:0
end_of_record
TN:
SF:navigation/MockedNavigator.tsx
FN:6,(anonymous_0)
FNF:1
FNH:1
FNDA:4,(anonymous_0)
DA:5,3
DA:6,3
DA:7,4
LF:3
LH:3
BRDA:6,0,0,3
BRF:1
BRH:1
end_of_record
TN:
SF:redux/index.ts
FNF:0
FNH:0
DA:7,4
LF:1
LH:1
BRF:0
BRH:0
end_of_record
TN:
SF:redux/actions/bookmarks/index.ts
FN:6,(anonymous_0)
FN:6,(anonymous_1)
FN:23,(anonymous_2)
FN:23,(anonymous_3)
FN:44,(anonymous_4)
FN:44,(anonymous_5)
FN:52,(anonymous_6)
FNF:7
FNH:2
FNDA:4,(anonymous_0)
FNDA:4,(anonymous_1)
FNDA:0,(anonymous_2)
FNDA:0,(anonymous_3)
FNDA:0,(anonymous_4)
FNDA:0,(anonymous_5)
FNDA:0,(anonymous_6)
DA:6,4
DA:7,4
DA:9,4
DA:10,4
DA:12,4
DA:13,4
DA:14,4
DA:17,4
DA:19,0
DA:23,4
DA:24,0
DA:26,0
DA:27,0
DA:29,0
DA:31,0
DA:32,0
DA:33,0
DA:36,0
DA:38,0
DA:40,0
DA:44,4
DA:45,0
DA:47,0
DA:48,0
DA:50,0
DA:51,0
DA:52,0
DA:54,0
DA:57,0
DA:59,0
LF:30
LH:10
BRDA:13,0,0,4
BRDA:13,0,1,0
BRDA:32,1,0,0
BRDA:32,1,1,0
BRDA:50,2,0,0
BRDA:50,2,1,0
BRF:6
BRH:1
end_of_record
TN:
SF:redux/actions/comments/index.ts
FN:5,(anonymous_0)
FN:5,(anonymous_1)
FNF:2
FNH:2
FNDA:2,(anonymous_0)
FNDA:2,(anonymous_1)
DA:5,2
DA:6,2
DA:8,2
DA:9,2
DA:11,1
DA:13,1
LF:6
LH:6
BRF:0
BRH:0
end_of_record
TN:
SF:redux/actions/issues/index.ts
FN:6,(anonymous_0)
FN:6,(anonymous_1)
FN:11,(anonymous_2)
FN:12,(anonymous_3)
FN:21,(anonymous_4)
FN:31,(anonymous_5)
FN:31,(anonymous_6)
FN:35,(anonymous_7)
FN:35,(anonymous_8)
FN:39,(anonymous_9)
FN:39,(anonymous_10)
FN:43,(anonymous_11)
FN:43,(anonymous_12)
FN:47,(anonymous_13)
FN:47,(anonymous_14)
FNF:15
FNH:7
FNDA:4,(anonymous_0)
FNDA:4,(anonymous_1)
FNDA:5,(anonymous_2)
FNDA:7,(anonymous_3)
FNDA:4,(anonymous_4)
FNDA:0,(anonymous_5)
FNDA:0,(anonymous_6)
FNDA:0,(anonymous_7)
FNDA:0,(anonymous_8)
FNDA:0,(anonymous_9)
FNDA:0,(anonymous_10)
FNDA:1,(anonymous_11)
FNDA:1,(anonymous_12)
FNDA:0,(anonymous_13)
FNDA:0,(anonymous_14)
DA:6,4
DA:7,4
DA:9,4
DA:11,5
DA:12,7
DA:13,3
DA:16,4
DA:17,4
DA:21,4
DA:25,4
DA:27,0
DA:31,2
DA:32,0
DA:35,2
DA:36,0
DA:39,2
DA:40,0
DA:43,2
DA:44,1
DA:47,2
DA:48,0
LF:21
LH:16
BRDA:11,0,0,4
BRDA:11,0,1,0
BRDA:12,1,0,3
BRDA:12,1,1,1
BRDA:21,2,0,4
BRDA:21,2,1,0
BRF:6
BRH:4
end_of_record
TN:
SF:redux/reducers/bookmarks/index.ts
FN:9,(anonymous_0)
FN:38,(anonymous_1)
FNF:2
FNH:2
FNDA:35,(anonymous_0)
FNDA:2,(anonymous_1)
DA:4,5
DA:10,35
DA:13,3
DA:15,1
DA:17,1
DA:21,4
DA:29,1
DA:36,1
DA:38,2
DA:44,1
DA:46,1
DA:48,1
DA:51,21
LF:13
LH:13
BRDA:9,0,0,12
BRDA:10,1,0,3
BRDA:10,1,1,1
BRDA:10,1,2,1
BRDA:10,1,3,4
BRDA:10,1,4,1
BRDA:10,1,5,1
BRDA:10,1,6,1
BRDA:10,1,7,1
BRDA:10,1,8,1
BRDA:10,1,9,21
BRF:11
BRH:11
end_of_record
TN:
SF:redux/reducers/comments/index.ts
FN:8,(anonymous_0)
FNF:1
FNH:1
FNDA:30,(anonymous_0)
DA:3,5
DA:9,30
DA:12,2
DA:16,1
DA:25,2
DA:28,25
LF:6
LH:6
BRDA:8,0,0,12
BRDA:9,1,0,2
BRDA:9,1,1,1
BRDA:9,1,2,2
BRDA:9,1,3,25
BRF:5
BRH:5
end_of_record
TN:
SF:redux/reducers/issues/index.ts
FN:36,(anonymous_0)
FN:72,(anonymous_1)
FN:86,(anonymous_2)
FN:88,(anonymous_3)
FNF:4
FNH:4
FNDA:37,(anonymous_0)
FNDA:4,(anonymous_1)
FNDA:6,(anonymous_2)
FNDA:4,(anonymous_3)
DA:3,5
DA:8,5
DA:26,5
DA:37,37
DA:40,4
DA:44,4
DA:52,1
DA:58,1
DA:64,1
DA:70,3
DA:72,4
DA:74,3
DA:75,2
DA:77,1
DA:80,2
DA:86,6
DA:88,4
DA:89,2
DA:90,1
DA:92,1
DA:95,1
DA:102,1
DA:105,20
LF:23
LH:23
BRDA:36,0,0,12
BRDA:37,1,0,4
BRDA:37,1,1,4
BRDA:37,1,2,1
BRDA:37,1,3,1
BRDA:37,1,4,1
BRDA:37,1,5,3
BRDA:37,1,6,2
BRDA:37,1,7,1
BRDA:37,1,8,20
BRDA:74,2,0,2
BRDA:74,2,1,1
BRDA:89,3,0,1
BRDA:89,3,1,1
BRF:14
BRH:14
end_of_record
TN:
SF:screens/BookmarksScreen/index.tsx
FN:12,BookmarksScreen
FN:31,(anonymous_1)
FN:32,(anonymous_2)
FNF:3
FNH:3
FNDA:3,BookmarksScreen
FNDA:5,(anonymous_1)
FNDA:2,(anonymous_2)
DA:13,3
DA:14,3
DA:15,3
DA:17,3
DA:19,3
DA:31,5
DA:32,2
LF:7
LH:7
BRDA:21,0,0,3
BRDA:21,0,1,1
BRDA:22,1,0,3
BRDA:22,1,1,2
BRF:4
BRH:4
end_of_record
TN:
SF:screens/BookmarksScreen/styles.tsx
FNF:0
FNH:0
LF:0
LH:0
BRF:0
BRH:0
end_of_record
TN:
SF:screens/IssueDetailsScreen/index.tsx
FN:19,IssuesDetailsScreen
FN:22,(anonymous_1)
FN:23,(anonymous_2)
FN:26,(anonymous_3)
FN:30,(anonymous_4)
FN:34,(anonymous_5)
FN:38,(anonymous_6)
FN:51,(anonymous_7)
FN:77,(anonymous_8)
FN:84,(anonymous_9)
FNF:10
FNH:6
FNDA:3,IssuesDetailsScreen
FNDA:7,(anonymous_1)
FNDA:7,(anonymous_2)
FNDA:1,(anonymous_3)
FNDA:0,(anonymous_4)
FNDA:0,(anonymous_5)
FNDA:0,(anonymous_6)
FNDA:3,(anonymous_7)
FNDA:0,(anonymous_8)
FNDA:3,(anonymous_9)
DA:20,3
DA:22,7
DA:23,7
DA:24,3
DA:26,3
DA:27,1
DA:30,3
DA:31,0
DA:34,3
DA:35,0
DA:38,3
DA:40,3
DA:52,3
DA:78,0
DA:84,1
DA:85,3
DA:91,3
DA:103,3
LF:18
LH:15
BRDA:53,0,0,3
BRDA:53,0,1,0
BRDA:61,1,0,0
BRDA:61,1,1,3
BRDA:64,2,0,0
BRDA:64,2,1,3
BRDA:66,3,0,0
BRDA:66,3,1,3
BRDA:68,4,0,0
BRDA:68,4,1,3
BRF:10
BRH:5
end_of_record
TN:
SF:screens/IssueDetailsScreen/styles.tsx
FNF:0
FNH:0
LF:0
LH:0
BRF:0
BRH:0
end_of_record
TN:
SF:screens/IssueDetailsScreen/Comment/index.tsx
FN:8,Comment
FNF:1
FNH:0
FNDA:0,Comment
DA:9,0
DA:11,0
LF:2
LH:0
BRF:0
BRH:0
end_of_record
TN:
SF:screens/IssueDetailsScreen/Comment/styles.tsx
FNF:0
FNH:0
LF:0
LH:0
BRF:0
BRH:0
end_of_record
TN:
SF:screens/IssuesScreen/index.tsx
FN:16,IssuesScreen
FN:29,(anonymous_1)
FN:34,(anonymous_2)
FN:39,(anonymous_3)
FN:56,(anonymous_4)
FN:69,(anonymous_5)
FN:77,(anonymous_6)
FN:79,(anonymous_7)
FN:94,(anonymous_8)
FN:109,(anonymous_9)
FN:110,(anonymous_10)
FN:112,(anonymous_11)
FN:113,(anonymous_12)
FN:125,(anonymous_13)
FN:132,(anonymous_14)
FNF:15
FNH:9
FNDA:20,IssuesScreen
FNDA:0,(anonymous_1)
FNDA:2,(anonymous_2)
FNDA:7,(anonymous_3)
FNDA:0,(anonymous_4)
FNDA:0,(anonymous_5)
FNDA:40,(anonymous_6)
FNDA:1,(anonymous_7)
FNDA:20,(anonymous_8)
FNDA:0,(anonymous_9)
FNDA:12,(anonymous_10)
FNDA:12,(anonymous_11)
FNDA:18,(anonymous_12)
FNDA:0,(anonymous_13)
FNDA:0,(anonymous_14)
DA:17,20
DA:18,20
DA:19,20
DA:21,20
DA:22,20
DA:23,20
DA:25,20
DA:26,20
DA:27,20
DA:29,20
DA:30,0
DA:31,0
DA:34,20
DA:35,2
DA:36,2
DA:39,20
DA:40,7
DA:41,7
DA:42,7
DA:45,20
DA:56,0
DA:69,0
DA:78,40
DA:79,1
DA:94,20
DA:109,0
DA:110,12
DA:113,18
DA:125,0
DA:132,0
LF:30
LH:23
BRDA:47,0,0,0
BRDA:47,0,1,20
BRDA:48,1,0,0
BRDA:48,1,1,20
BRDA:83,2,0,34
BRDA:83,2,1,6
BRDA:85,3,0,40
BRDA:85,3,1,34
BRDA:99,4,0,20
BRDA:99,4,1,0
BRDA:101,5,0,8
BRDA:101,5,1,12
BRDA:101,6,0,20
BRDA:101,6,1,12
BRDA:124,7,0,20
BRDA:124,7,1,0
BRF:16
BRH:12
end_of_record
TN:
SF:screens/IssuesScreen/styles.tsx
FNF:0
FNH:0
LF:0
LH:0
BRF:0
BRH:0
end_of_record
TN:
SF:screens/IssuesScreen/useCurrentPage.ts
FN:8,usePage
FN:9,(anonymous_1)
FN:14,(anonymous_2)
FN:17,(anonymous_3)
FN:23,(anonymous_4)
FN:24,(anonymous_5)
FN:27,(anonymous_6)
FN:30,(anonymous_7)
FN:55,(anonymous_8)
FNF:9
FNH:3
FNDA:20,usePage
FNDA:42,(anonymous_1)
FNDA:0,(anonymous_2)
FNDA:0,(anonymous_3)
FNDA:0,(anonymous_4)
FNDA:0,(anonymous_5)
FNDA:0,(anonymous_6)
FNDA:0,(anonymous_7)
FNDA:7,(anonymous_8)
DA:9,42
DA:10,20
DA:12,20
DA:14,20
DA:15,0
DA:17,20
DA:18,0
DA:21,20
DA:23,20
DA:24,0
DA:25,0
DA:27,0
DA:31,0
DA:32,0
DA:39,20
DA:40,20
DA:42,20
DA:56,7
DA:57,7
LF:19
LH:12
BRDA:31,0,0,0
BRDA:31,0,1,0
BRF:2
BRH:0
end_of_record
TN:
SF:screens/IssuesScreen/Issue/index.tsx
FN:9,Issue
FN:12,(anonymous_1)
FN:21,(anonymous_2)
FNF:3
FNH:2
FNDA:14,Issue
FNDA:0,(anonymous_1)
FNDA:14,(anonymous_2)
DA:10,14
DA:12,14
DA:13,0
DA:16,14
DA:22,14
LF:5
LH:4
BRDA:23,0,0,14
BRDA:23,0,1,0
BRF:2
BRH:1
end_of_record
TN:
SF:screens/IssuesScreen/Issue/styles.tsx
FNF:0
FNH:0
LF:0
LH:0
BRF:0
BRH:0
end_of_record
TN:
SF:screens/IssuesScreen/Issue/Header/index.tsx
FN:9,Header
FNF:1
FNH:1
FNDA:17,Header
DA:10,17
DA:12,17
LF:2
LH:2
BRDA:21,0,0,17
BRDA:21,0,1,14
BRDA:30,1,0,17
BRDA:30,1,1,0
BRF:4
BRH:3
end_of_record
TN:
SF:screens/IssuesScreen/Issue/Header/styles.tsx
FNF:0
FNH:0
LF:0
LH:0
BRF:0
BRH:0
end_of_record
TN:
SF:types/bookmarks.ts
FNF:0
FNH:0
LF:0
LH:0
BRF:0
BRH:0
end_of_record
TN:
SF:types/comments.ts
FNF:0
FNH:0
LF:0
LH:0
BRF:0
BRH:0
end_of_record
TN:
SF:types/issues.ts
FNF:0
FNH:0
LF:0
LH:0
BRF:0
BRH:0
end_of_record
